mode: set
votespher/internal/election/errors.go:18.35,19.18 1 1
votespher/internal/election/errors.go:19.18,21.3 1 1
votespher/internal/election/errors.go:22.2,22.18 1 1
votespher/internal/election/errors.go:26.35,28.2 1 1
votespher/internal/election/errors.go:31.37,32.17 1 1
votespher/internal/election/errors.go:32.17,34.3 1 1
votespher/internal/election/errors.go:35.2,35.15 1 1
votespher/internal/election/errors.go:39.67,41.2 1 1
votespher/internal/election/errors.go:45.46,47.29 2 1
votespher/internal/election/errors.go:47.29,49.3 1 1
votespher/internal/election/errors.go:50.2,50.19 1 1
votespher/internal/election/errors.go:80.43,82.2 1 1
votespher/internal/election/errors.go:84.45,86.2 1 1
votespher/internal/election/errors.go:88.42,90.2 1 1
votespher/internal/election/errors.go:92.54,96.18 2 1
votespher/internal/election/errors.go:96.18,98.3 1 1
votespher/internal/election/errors.go:99.2,99.75 1 1
votespher/internal/election/handler.go:16.39,18.2 1 1
votespher/internal/election/handler.go:22.48,25.47 2 1
votespher/internal/election/handler.go:25.47,28.3 2 1
votespher/internal/election/handler.go:31.2,32.16 2 1
votespher/internal/election/handler.go:32.16,35.3 2 1
votespher/internal/election/handler.go:38.2,39.16 2 1
votespher/internal/election/handler.go:39.16,42.3 2 1
votespher/internal/election/handler.go:45.2,49.4 1 1
votespher/internal/election/handler.go:58.51,60.13 2 1
votespher/internal/election/handler.go:60.13,62.3 1 1
votespher/internal/election/handler.go:64.2,65.9 2 1
votespher/internal/election/handler.go:65.9,67.3 1 1
votespher/internal/election/handler.go:69.2,69.21 1 1
votespher/internal/election/handler.go:77.46,78.39 1 1
votespher/internal/election/handler.go:78.39,81.3 2 1
votespher/internal/election/handler.go:82.2,82.69 1 1
votespher/internal/election/repository.go:26.44,28.2 1 1
votespher/internal/election/repository.go:31.98,33.97 2 1
votespher/internal/election/repository.go:33.97,35.3 1 1
votespher/internal/election/repository.go:36.2,36.20 1 1
votespher/internal/election/repository.go:41.89,43.93 2 1
votespher/internal/election/repository.go:43.93,45.3 1 1
votespher/internal/election/repository.go:46.2,46.18 1 1
votespher/internal/election/repository.go:56.112,57.67 1 1
votespher/internal/election/repository.go:57.67,59.78 1 1
votespher/internal/election/repository.go:59.78,61.4 1 1
votespher/internal/election/repository.go:64.3,64.52 1 1
votespher/internal/election/repository.go:64.52,66.4 1 1
votespher/internal/election/repository.go:68.3,68.13 1 1
votespher/internal/election/service.go:23.42,25.2 1 1
votespher/internal/election/service.go:44.125,47.16 2 1
votespher/internal/election/service.go:47.16,49.3 1 1
votespher/internal/election/service.go:52.2,53.50 2 1
votespher/internal/election/service.go:53.50,55.3 1 1
votespher/internal/election/service.go:56.2,56.70 1 1
votespher/internal/election/service.go:56.70,58.3 1 1
votespher/internal/election/service.go:61.2,62.16 2 1
votespher/internal/election/service.go:62.16,64.3 1 1
votespher/internal/election/service.go:67.2,67.71 1 1
votespher/internal/election/service.go:67.71,69.3 1 1
votespher/internal/election/service.go:72.2,82.73 2 1
votespher/internal/election/service.go:82.73,84.35 1 1
votespher/internal/election/service.go:84.35,86.4 1 1
votespher/internal/election/service.go:87.3,87.51 1 1
votespher/internal/election/service.go:91.2,98.8 1 1
votespher/internal/election/service.go:107.44,109.2 1 1
votespher/internal/election/service.go:121.42,122.43 1 1
votespher/internal/election/service.go:122.43,124.3 1 1
votespher/internal/election/service.go:125.2,125.12 1 1
votespher/internal/election/service.go:129.52,130.42 1 1
votespher/internal/election/service.go:130.42,132.3 1 1
votespher/internal/election/service.go:133.2,133.12 1 1
votespher/internal/election/service.go:142.65,143.58 1 1
votespher/internal/election/service.go:143.58,145.3 1 1
votespher/internal/election/service.go:146.2,146.12 1 1
